SF:lib/routes.dart
DA:7,0
LF:1
LH:0
end_of_record
SF:lib/game_logic/team_partition.dart
DA:10,0
DA:12,1
DA:17,3
DA:18,2
DA:19,1
DA:20,3
DA:21,2
DA:23,3
DA:24,3
DA:25,1
LF:10
LH:9
end_of_record
SF:lib/game_logic/killer_assignment.dart
DA:14,0
DA:16,1
DA:20,2
DA:21,1
DA:22,2
DA:24,2
DA:25,1
DA:26,3
DA:27,1
DA:28,4
DA:29,1
LF:11
LH:10
end_of_record
SF:lib/game_logic/dice_rules.dart
DA:6,0
DA:34,1
DA:35,4
DA:36,2
DA:38,1
DA:39,1
DA:40,1
DA:45,1
DA:46,2
DA:51,1
DA:52,2
DA:53,2
DA:54,1
LF:13
LH:12
end_of_record
SF:lib/state/guest_session.dart
DA:4,4
DA:5,12
DA:8,8
DA:10,4
DA:11,4
DA:12,4
DA:13,4
DA:16,4
DA:17,4
DA:18,4
DA:19,4
LF:11
LH:11
end_of_record
SF:lib/theme/app_theme.dart
DA:4,12
DA:5,18
DA:7,6
DA:28,0
DA:31,6
DA:37,4
DA:43,0
DA:55,6
DA:56,3
DA:57,6
DA:64,0
DA:65,0
DA:66,0
DA:73,12
DA:79,6
DA:82,12
DA:86,6
DA:89,12
DA:93,6
DA:96,12
DA:99,6
DA:102,12
DA:105,6
DA:108,6
DA:116,6
DA:121,3
DA:125,6
DA:126,6
DA:127,6
DA:130,6
DA:131,6
DA:132,6
DA:133,6
DA:134,6
DA:136,6
DA:139,6
DA:143,12
DA:144,6
DA:146,6
DA:147,6
DA:148,6
DA:149,6
DA:150,6
DA:151,6
DA:153,6
DA:154,6
DA:156,6
DA:157,6
DA:160,6
DA:161,6
DA:162,6
DA:164,6
DA:166,6
DA:167,6
DA:171,6
DA:172,6
DA:173,6
DA:174,6
DA:177,6
DA:179,6
DA:180,18
DA:183,6
DA:184,6
DA:185,12
DA:187,6
DA:188,6
DA:189,12
DA:191,6
DA:192,6
DA:193,12
DA:196,12
DA:197,6
DA:204,3
DA:219,3
DA:221,3
DA:222,3
DA:223,3
DA:225,3
DA:226,3
DA:227,3
DA:228,3
DA:229,3
DA:230,3
DA:231,3
DA:232,3
DA:234,3
DA:236,3
DA:237,3
DA:238,3
DA:239,3
DA:240,3
DA:243,3
DA:244,6
DA:245,6
DA:248,9
DA:262,2
DA:277,3
DA:279,3
DA:280,3
DA:281,3
DA:282,3
DA:283,3
DA:284,3
DA:285,3
DA:286,3
DA:287,6
DA:288,3
DA:289,3
DA:293,3
DA:296,3
DA:297,5
DA:298,6
DA:301,9
DA:311,3
DA:314,4
DA:316,4
DA:317,4
DA:318,8
DA:319,4
DA:320,4
DA:321,4
DA:324,4
DA:325,8
DA:329,4
DA:332,4
DA:333,8
DA:337,4
DA:340,4
DA:341,8
DA:345,4
DA:353,4
DA:357,4
DA:359,4
DA:360,4
DA:361,4
DA:362,4
DA:363,4
DA:365,4
DA:366,16
LF:139
LH:134
end_of_record
SF:lib/services/auth_service.dart
DA:8,2
DA:12,1
DA:18,2
DA:22,2
DA:26,2
DA:57,0
DA:61,0
DA:62,0
DA:63,0
DA:72,0
DA:73,0
DA:75,0
DA:76,0
DA:78,0
DA:79,0
DA:81,0
DA:87,0
DA:91,0
DA:95,0
DA:98,0
DA:99,0
DA:100,0
DA:104,0
DA:116,0
DA:120,0
DA:124,0
DA:125,0
DA:131,0
DA:133,0
DA:134,0
DA:135,0
DA:137,0
DA:143,0
DA:144,0
DA:145,0
DA:149,0
DA:152,0
DA:154,0
DA:155,0
DA:156,0
DA:157,0
DA:159,0
DA:160,0
DA:164,0
DA:165,0
DA:167,0
DA:169,0
DA:170,0
DA:171,0
DA:173,0
DA:177,0
DA:178,0
DA:179,0
DA:180,0
DA:181,0
DA:182,0
DA:187,0
DA:189,0
DA:190,0
DA:191,0
DA:192,0
DA:193,0
DA:201,0
DA:204,0
DA:208,0
DA:211,0
DA:212,0
DA:213,0
DA:214,0
DA:215,0
DA:216,0
DA:217,0
DA:218,0
DA:219,0
DA:220,0
DA:228,0
DA:229,1
DA:230,2
DA:231,1
LF:79
LH:8
end_of_record
SF:lib/pages/auth/debut_page.dart
DA:8,1
DA:10,1
DA:12,1
DA:14,1
DA:15,1
DA:16,1
DA:17,1
DA:19,1
DA:20,1
DA:22,1
DA:25,3
DA:28,1
DA:29,3
DA:30,1
DA:32,2
DA:36,1
DA:39,2
DA:41,1
DA:46,1
DA:47,1
DA:49,1
DA:51,1
DA:59,1
DA:62,0
DA:63,0
DA:65,0
DA:66,0
DA:72,1
DA:75,1
DA:76,2
DA:77,1
DA:80,1
DA:85,1
DA:88,2
DA:90,1
LF:35
LH:31
end_of_record
SF:lib/pages/auth/connexion_page.dart
DA:7,1
DA:9,0
DA:10,0
DA:20,0
DA:22,0
DA:24,0
DA:25,0
DA:26,0
DA:29,0
DA:30,0
DA:31,0
DA:32,0
DA:33,0
DA:36,0
DA:37,0
DA:39,0
DA:40,0
DA:41,0
DA:42,0
DA:43,0
DA:44,0
DA:46,0
DA:47,0
DA:51,0
DA:52,0
DA:53,0
DA:54,0
DA:55,0
DA:56,0
DA:58,0
DA:59,0
DA:60,0
DA:63,0
DA:64,0
DA:65,0
DA:66,0
DA:67,0
DA:68,0
DA:71,0
DA:73,0
DA:75,0
DA:76,0
DA:77,0
DA:78,0
DA:80,0
DA:81,0
DA:82,0
DA:84,0
DA:85,0
DA:87,0
DA:88,0
DA:89,0
DA:90,0
DA:94,0
DA:97,0
DA:100,0
DA:101,0
DA:102,0
DA:103,0
DA:106,0
DA:107,0
DA:111,0
DA:114,0
DA:117,0
DA:118,0
DA:120,0
DA:122,0
DA:123,0
DA:124,0
DA:131,0
DA:132,0
DA:133,0
DA:134,0
DA:135,0
DA:137,0
DA:138,0
DA:139,0
DA:142,0
DA:144,0
DA:145,0
DA:148,0
DA:149,0
DA:150,0
DA:155,0
DA:156,0
DA:158,0
DA:161,0
DA:164,0
DA:167,0
DA:168,0
DA:170,0
DA:172,0
DA:173,0
LF:93
LH:1
end_of_record
SF:lib/pages/auth/select_connect_page.dart
DA:7,1
DA:9,0
DA:11,0
DA:13,0
DA:14,0
DA:15,0
DA:16,0
DA:18,0
DA:19,0
DA:20,0
DA:22,0
DA:23,0
DA:24,0
DA:25,0
DA:29,0
DA:31,0
DA:34,0
DA:35,0
DA:36,0
DA:37,0
DA:40,0
DA:44,0
DA:45,0
DA:47,0
DA:49,0
DA:50,0
DA:51,0
DA:60,0
DA:63,0
DA:64,0
DA:66,0
DA:67,0
DA:73,0
DA:76,0
DA:77,0
LF:35
LH:1
end_of_record
SF:lib/pages/home/select_game.dart
DA:8,1
DA:24,1
DA:51,1
DA:53,1
DA:54,2
DA:56,1
DA:57,1
DA:58,1
DA:59,1
DA:60,1
DA:65,1
DA:67,1
DA:68,0
DA:71,0
DA:74,2
DA:77,1
DA:79,1
DA:80,1
DA:83,1
DA:87,1
DA:91,1
DA:103,1
DA:107,1
DA:109,1
DA:110,1
DA:112,1
DA:113,1
DA:116,1
DA:117,1
DA:118,1
DA:122,1
DA:123,1
DA:124,2
DA:125,1
DA:131,1
DA:132,2
DA:133,2
DA:134,1
DA:145,1
DA:149,1
DA:151,1
DA:160,2
DA:161,5
DA:167,1
DA:171,1
DA:173,1
DA:174,3
DA:176,1
DA:178,1
DA:179,1
DA:180,1
DA:181,1
DA:182,1
DA:183,0
DA:185,0
DA:192,0
DA:193,0
DA:195,1
DA:196,1
DA:197,1
DA:198,2
DA:201,1
DA:203,1
DA:204,1
DA:208,1
DA:209,1
DA:210,1
DA:212,1
DA:213,2
DA:218,1
DA:219,1
DA:222,1
DA:223,1
DA:224,2
DA:227,2
DA:228,1
DA:235,1
DA:236,2
DA:239,2
DA:240,1
DA:249,1
DA:252,1
LF:82
LH:76
end_of_record
SF:lib/pages/auth/guest_prompt.dart
DA:8,0
DA:9,0
DA:10,0
DA:12,0
DA:13,0
DA:14,0
DA:16,0
DA:18,0
DA:19,0
DA:20,0
DA:21,0
DA:23,0
DA:24,0
DA:25,0
DA:27,0
DA:33,0
DA:34,0
DA:35,0
LF:18
LH:0
end_of_record
SF:lib/pages/home/home_page.dart
DA:8,1
DA:10,1
DA:12,1
DA:13,2
DA:15,1
DA:16,1
DA:17,1
DA:18,1
DA:20,1
DA:22,1
DA:23,1
DA:25,1
DA:26,1
DA:29,1
DA:30,1
DA:33,3
DA:35,1
DA:36,1
DA:37,1
DA:38,2
DA:39,1
DA:42,2
DA:48,1
DA:49,1
DA:50,1
DA:51,1
DA:53,1
DA:55,1
DA:63,1
DA:64,1
DA:67,1
DA:68,1
DA:70,1
DA:71,1
DA:76,1
DA:77,1
DA:88,1
DA:91,1
DA:93,1
DA:94,1
DA:96,1
DA:97,1
DA:99,3
DA:101,1
DA:102,1
DA:103,1
DA:105,0
DA:108,1
DA:109,1
DA:110,1
DA:111,0
DA:112,0
DA:113,0
DA:119,0
DA:131,1
DA:141,1
DA:143,1
DA:144,1
DA:145,1
DA:147,1
DA:150,1
DA:151,1
DA:153,1
DA:154,3
DA:158,3
DA:165,1
DA:168,1
DA:170,1
DA:172,1
DA:173,1
DA:176,2
DA:178,1
DA:181,1
DA:182,0
DA:183,0
DA:184,0
DA:191,0
DA:194,1
DA:197,2
DA:205,1
DA:217,1
DA:219,1
DA:220,1
DA:221,1
DA:222,1
DA:223,1
DA:224,1
DA:225,1
DA:226,1
DA:228,1
DA:229,1
DA:230,1
DA:233,1
DA:234,1
DA:236,2
DA:238,3
DA:241,1
DA:242,1
DA:243,2
DA:244,1
DA:257,1
DA:260,1
DA:262,1
DA:265,1
DA:266,2
DA:267,1
DA:268,4
DA:270,1
DA:271,1
DA:272,3
DA:274,1
DA:275,1
DA:277,3
DA:278,2
DA:283,1
DA:284,0
DA:285,1
DA:290,1
DA:292,3
DA:293,2
LF:120
LH:110
end_of_record
SF:lib/services/user_repository.dart
DA:13,0
DA:14,0
DA:18,0
DA:19,0
DA:21,0
DA:23,0
DA:24,0
DA:27,0
DA:29,0
DA:32,0
DA:34,0
DA:35,0
DA:38,0
DA:40,0
DA:43,0
DA:45,0
DA:46,0
DA:51,0
DA:52,1
DA:53,2
DA:54,1
LF:21
LH:3
end_of_record
SF:lib/widgets/app_shell.dart
DA:7,1
DA:22,1
DA:24,1
DA:25,1
DA:26,1
DA:27,1
DA:28,1
DA:29,1
DA:30,1
DA:32,1
DA:33,1
DA:34,1
DA:35,1
DA:36,1
DA:37,1
DA:38,1
DA:41,1
DA:42,1
DA:43,1
DA:44,3
DA:47,1
DA:48,2
DA:50,1
DA:54,2
DA:65,1
DA:76,1
DA:78,1
DA:79,1
DA:82,1
DA:83,1
DA:84,1
DA:85,2
DA:87,1
DA:88,1
DA:89,1
DA:93,1
DA:94,1
DA:97,2
DA:100,1
DA:101,1
DA:103,2
DA:104,1
DA:108,2
DA:110,1
DA:111,1
DA:113,1
DA:124,1
DA:133,1
DA:135,1
DA:136,1
DA:137,1
DA:138,1
DA:139,1
DA:140,1
DA:141,2
DA:143,1
DA:151,1
DA:162,1
DA:164,1
DA:165,1
DA:166,1
DA:167,1
DA:168,1
DA:169,1
DA:170,2
DA:177,1
DA:179,1
DA:181,1
DA:182,1
DA:184,1
DA:185,1
DA:186,1
DA:187,2
LF:73
LH:73
end_of_record
